<?xml version="1.0" encoding="UTF-8"?>
<!-- Generated by org.testng.reporters.JUnitReportReporter -->
<testsuite hostname="LTIN424380" failures="0" tests="1" name="javapractice.javapractice.AppTest" time="0.010" errors="0" timestamp="2023-04-12T16:16:56 IST" skipped="0">
  <testcase classname="javapractice.javapractice.AppTest" name="shouldAnswerWithTrue" time="0.010"/>
  <system-out/>
</testsuite> <!-- javapractice.javapractice.AppTest -->
